2022-12-13 16:01:47,364 DEBUG scheduler Queued events for site simon.org
2022-12-13 16:02:48,078 DEBUG scheduler Queued events for site simon.org
2022-12-13 16:03:48,502 DEBUG scheduler Queued events for site simon.org
2022-12-13 16:04:49,140 DEBUG scheduler Queued events for site simon.org
2022-12-13 16:04:49,513 INFO scheduler Scheduled Job Start: erpnext.crm.doctype.social_media_post.social_media_post.process_scheduled_social_media_posts for test.com
2022-12-13 16:04:49,792 INFO scheduler Scheduled Job Complete: erpnext.crm.doctype.social_media_post.social_media_post.process_scheduled_social_media_posts for test.com
2022-12-13 16:04:49,888 INFO scheduler Scheduled Job Start: erpnext.hr.doctype.interview.interview.send_interview_reminder for test.com
2022-12-13 16:04:50,172 INFO scheduler Scheduled Job Complete: erpnext.hr.doctype.interview.interview.send_interview_reminder for test.com
2022-12-13 16:04:50,291 INFO scheduler Scheduled Job Start: erpnext.healthcare.doctype.patient_appointment.patient_appointment.send_appointment_reminder for test.com
2022-12-13 16:04:50,526 INFO scheduler Scheduled Job Complete: erpnext.healthcare.doctype.patient_appointment.patient_appointment.send_appointment_reminder for test.com
2022-12-13 16:04:50,623 INFO scheduler Scheduled Job Start: erpnext.projects.doctype.project.project.project_status_update_reminder for test.com
2022-12-13 16:04:50,939 INFO scheduler Scheduled Job Complete: erpnext.projects.doctype.project.project.project_status_update_reminder for test.com
2022-12-13 16:04:51,034 INFO scheduler Scheduled Job Start: frappe.monitor.flush for test.com
2022-12-13 16:04:51,240 INFO scheduler Scheduled Job Complete: frappe.monitor.flush for test.com
2022-12-13 16:04:51,360 INFO scheduler Scheduled Job Start: frappe.utils.global_search.sync_global_search for test.com
2022-12-13 16:04:51,576 INFO scheduler Scheduled Job Complete: frappe.utils.global_search.sync_global_search for test.com
2022-12-13 16:04:51,670 INFO scheduler Scheduled Job Start: frappe.integrations.doctype.razorpay_settings.razorpay_settings.capture_payment for test.com
2022-12-13 16:04:51,897 INFO scheduler Scheduled Job Complete: frappe.integrations.doctype.razorpay_settings.razorpay_settings.capture_payment for test.com
2022-12-13 16:04:51,987 INFO scheduler Scheduled Job Start: frappe.email.doctype.email_account.email_account.notify_unreplied for test.com
2022-12-13 16:04:52,248 INFO scheduler Scheduled Job Complete: frappe.email.doctype.email_account.email_account.notify_unreplied for test.com
2022-12-13 16:04:52,339 INFO scheduler Scheduled Job Start: frappe.email.doctype.email_account.email_account.pull for test.com
2022-12-13 16:04:52,633 INFO scheduler Scheduled Job Complete: frappe.email.doctype.email_account.email_account.pull for test.com
2022-12-13 16:04:52,725 INFO scheduler Scheduled Job Start: frappe.email.queue.flush for test.com
2022-12-13 16:04:52,947 INFO scheduler Scheduled Job Complete: frappe.email.queue.flush for test.com
2022-12-13 16:05:49,735 DEBUG scheduler Queued events for site simon.org
2022-12-13 16:06:50,227 DEBUG scheduler Queued events for site simon.org
2022-12-13 16:07:50,734 DEBUG scheduler Queued events for site simon.org
2022-12-13 16:08:51,244 DEBUG scheduler Queued events for site simon.org
2022-12-13 16:08:51,637 INFO scheduler Scheduled Job Start: erpnext.crm.doctype.social_media_post.social_media_post.process_scheduled_social_media_posts for test.com
2022-12-13 16:08:51,963 INFO scheduler Scheduled Job Complete: erpnext.crm.doctype.social_media_post.social_media_post.process_scheduled_social_media_posts for test.com
2022-12-13 16:08:52,086 INFO scheduler Scheduled Job Start: erpnext.hr.doctype.interview.interview.send_interview_reminder for test.com
2022-12-13 16:08:52,348 INFO scheduler Scheduled Job Complete: erpnext.hr.doctype.interview.interview.send_interview_reminder for test.com
2022-12-13 16:08:52,468 INFO scheduler Scheduled Job Start: erpnext.healthcare.doctype.patient_appointment.patient_appointment.send_appointment_reminder for test.com
2022-12-13 16:08:52,706 INFO scheduler Scheduled Job Complete: erpnext.healthcare.doctype.patient_appointment.patient_appointment.send_appointment_reminder for test.com
2022-12-13 16:08:52,801 INFO scheduler Scheduled Job Start: erpnext.projects.doctype.project.project.project_status_update_reminder for test.com
2022-12-13 16:08:53,124 INFO scheduler Scheduled Job Complete: erpnext.projects.doctype.project.project.project_status_update_reminder for test.com
2022-12-13 16:08:53,217 INFO scheduler Scheduled Job Start: frappe.monitor.flush for test.com
2022-12-13 16:08:53,418 INFO scheduler Scheduled Job Complete: frappe.monitor.flush for test.com
2022-12-13 16:08:53,540 INFO scheduler Scheduled Job Start: frappe.utils.global_search.sync_global_search for test.com
2022-12-13 16:08:53,755 INFO scheduler Scheduled Job Complete: frappe.utils.global_search.sync_global_search for test.com
2022-12-13 16:08:53,848 INFO scheduler Scheduled Job Start: frappe.integrations.doctype.razorpay_settings.razorpay_settings.capture_payment for test.com
2022-12-13 16:08:54,075 INFO scheduler Scheduled Job Complete: frappe.integrations.doctype.razorpay_settings.razorpay_settings.capture_payment for test.com
2022-12-13 16:08:54,165 INFO scheduler Scheduled Job Start: frappe.email.doctype.email_account.email_account.notify_unreplied for test.com
2022-12-13 16:08:54,432 INFO scheduler Scheduled Job Complete: frappe.email.doctype.email_account.email_account.notify_unreplied for test.com
2022-12-13 16:08:54,523 INFO scheduler Scheduled Job Start: frappe.email.doctype.email_account.email_account.pull for test.com
2022-12-13 16:08:54,830 INFO scheduler Scheduled Job Complete: frappe.email.doctype.email_account.email_account.pull for test.com
2022-12-13 16:08:54,928 INFO scheduler Scheduled Job Start: frappe.email.queue.flush for test.com
2022-12-13 16:08:55,206 INFO scheduler Scheduled Job Complete: frappe.email.queue.flush for test.com
2022-12-13 16:09:51,873 DEBUG scheduler Queued events for site simon.org
2022-12-13 16:10:52,424 DEBUG scheduler Queued events for site simon.org
2022-12-13 16:11:52,971 DEBUG scheduler Queued events for site simon.org
2022-12-13 16:12:53,406 DEBUG scheduler Queued events for site simon.org
2022-12-13 16:12:53,882 INFO scheduler Scheduled Job Start: erpnext.crm.doctype.social_media_post.social_media_post.process_scheduled_social_media_posts for test.com
2022-12-13 16:12:54,141 INFO scheduler Scheduled Job Complete: erpnext.crm.doctype.social_media_post.social_media_post.process_scheduled_social_media_posts for test.com
2022-12-13 16:12:54,266 INFO scheduler Scheduled Job Start: erpnext.hr.doctype.interview.interview.send_interview_reminder for test.com
2022-12-13 16:12:54,590 INFO scheduler Scheduled Job Complete: erpnext.hr.doctype.interview.interview.send_interview_reminder for test.com
2022-12-13 16:12:54,710 INFO scheduler Scheduled Job Start: erpnext.healthcare.doctype.patient_appointment.patient_appointment.send_appointment_reminder for test.com
2022-12-13 16:12:54,992 INFO scheduler Scheduled Job Complete: erpnext.healthcare.doctype.patient_appointment.patient_appointment.send_appointment_reminder for test.com
2022-12-13 16:12:55,086 INFO scheduler Scheduled Job Start: erpnext.projects.doctype.project.project.project_status_update_reminder for test.com
2022-12-13 16:12:55,394 INFO scheduler Scheduled Job Complete: erpnext.projects.doctype.project.project.project_status_update_reminder for test.com
2022-12-13 16:12:55,487 INFO scheduler Scheduled Job Start: frappe.monitor.flush for test.com
2022-12-13 16:12:55,689 INFO scheduler Scheduled Job Complete: frappe.monitor.flush for test.com
2022-12-13 16:12:55,809 INFO scheduler Scheduled Job Start: frappe.utils.global_search.sync_global_search for test.com
2022-12-13 16:12:56,063 INFO scheduler Scheduled Job Complete: frappe.utils.global_search.sync_global_search for test.com
2022-12-13 16:12:56,188 INFO scheduler Scheduled Job Start: frappe.integrations.doctype.razorpay_settings.razorpay_settings.capture_payment for test.com
2022-12-13 16:12:56,422 INFO scheduler Scheduled Job Complete: frappe.integrations.doctype.razorpay_settings.razorpay_settings.capture_payment for test.com
2022-12-13 16:12:56,548 INFO scheduler Scheduled Job Start: frappe.email.doctype.email_account.email_account.notify_unreplied for test.com
2022-12-13 16:12:56,836 INFO scheduler Scheduled Job Complete: frappe.email.doctype.email_account.email_account.notify_unreplied for test.com
2022-12-13 16:12:56,935 INFO scheduler Scheduled Job Start: frappe.email.doctype.email_account.email_account.pull for test.com
2022-12-13 16:12:57,233 INFO scheduler Scheduled Job Complete: frappe.email.doctype.email_account.email_account.pull for test.com
2022-12-13 16:12:57,331 INFO scheduler Scheduled Job Start: frappe.email.queue.flush for test.com
2022-12-13 16:12:57,555 INFO scheduler Scheduled Job Complete: frappe.email.queue.flush for test.com
2022-12-13 16:13:54,096 DEBUG scheduler Queued events for site simon.org
2022-12-13 16:14:54,633 DEBUG scheduler Queued events for site simon.org
2022-12-13 16:15:55,214 DEBUG scheduler Queued events for site simon.org
2022-12-13 16:15:55,622 INFO scheduler Scheduled Job Start: frappe.twofactor.delete_all_barcodes_for_users for test.com
2022-12-13 16:15:55,944 INFO scheduler Scheduled Job Complete: frappe.twofactor.delete_all_barcodes_for_users for test.com
2022-12-13 16:15:56,053 INFO scheduler Scheduled Job Start: frappe.website.doctype.web_page.web_page.check_publish_status for test.com
2022-12-13 16:15:56,447 INFO scheduler Scheduled Job Complete: frappe.website.doctype.web_page.web_page.check_publish_status for test.com
2022-12-13 16:15:56,601 INFO scheduler Scheduled Job Start: frappe.oauth.delete_oauth2_data for test.com
2022-12-13 16:15:56,937 INFO scheduler Scheduled Job Complete: frappe.oauth.delete_oauth2_data for test.com
2022-12-13 16:16:55,705 DEBUG scheduler Queued events for site simon.org
2022-12-13 16:16:56,079 INFO scheduler Scheduled Job Start: erpnext.crm.doctype.social_media_post.social_media_post.process_scheduled_social_media_posts for test.com
2022-12-13 16:16:56,358 INFO scheduler Scheduled Job Complete: erpnext.crm.doctype.social_media_post.social_media_post.process_scheduled_social_media_posts for test.com
2022-12-13 16:16:56,478 INFO scheduler Scheduled Job Start: erpnext.hr.doctype.interview.interview.send_interview_reminder for test.com
2022-12-13 16:16:56,763 INFO scheduler Scheduled Job Complete: erpnext.hr.doctype.interview.interview.send_interview_reminder for test.com
2022-12-13 16:16:56,859 INFO scheduler Scheduled Job Start: erpnext.healthcare.doctype.patient_appointment.patient_appointment.send_appointment_reminder for test.com
2022-12-13 16:16:57,084 INFO scheduler Scheduled Job Complete: erpnext.healthcare.doctype.patient_appointment.patient_appointment.send_appointment_reminder for test.com
2022-12-13 16:16:57,234 INFO scheduler Scheduled Job Start: erpnext.projects.doctype.project.project.project_status_update_reminder for test.com
2022-12-13 16:16:57,583 INFO scheduler Scheduled Job Complete: erpnext.projects.doctype.project.project.project_status_update_reminder for test.com
2022-12-13 16:16:57,679 INFO scheduler Scheduled Job Start: frappe.monitor.flush for test.com
2022-12-13 16:16:57,937 INFO scheduler Scheduled Job Complete: frappe.monitor.flush for test.com
2022-12-13 16:16:58,057 INFO scheduler Scheduled Job Start: frappe.utils.global_search.sync_global_search for test.com
2022-12-13 16:16:58,271 INFO scheduler Scheduled Job Complete: frappe.utils.global_search.sync_global_search for test.com
2022-12-13 16:16:58,373 INFO scheduler Scheduled Job Start: frappe.integrations.doctype.razorpay_settings.razorpay_settings.capture_payment for test.com
2022-12-13 16:16:58,645 INFO scheduler Scheduled Job Complete: frappe.integrations.doctype.razorpay_settings.razorpay_settings.capture_payment for test.com
2022-12-13 16:16:58,744 INFO scheduler Scheduled Job Start: frappe.email.doctype.email_account.email_account.notify_unreplied for test.com
2022-12-13 16:16:59,045 INFO scheduler Scheduled Job Complete: frappe.email.doctype.email_account.email_account.notify_unreplied for test.com
2022-12-13 16:16:59,137 INFO scheduler Scheduled Job Start: frappe.email.doctype.email_account.email_account.pull for test.com
2022-12-13 16:16:59,410 INFO scheduler Scheduled Job Complete: frappe.email.doctype.email_account.email_account.pull for test.com
2022-12-13 16:16:59,504 INFO scheduler Scheduled Job Start: frappe.email.queue.flush for test.com
2022-12-13 16:16:59,765 INFO scheduler Scheduled Job Complete: frappe.email.queue.flush for test.com
2022-12-13 16:17:56,295 DEBUG scheduler Queued events for site simon.org
2022-12-13 16:18:56,840 DEBUG scheduler Queued events for site simon.org
2022-12-13 16:19:57,428 DEBUG scheduler Queued events for site simon.org
2022-12-13 16:20:57,947 DEBUG scheduler Queued events for site simon.org
2022-12-13 16:20:58,313 INFO scheduler Scheduled Job Start: erpnext.crm.doctype.social_media_post.social_media_post.process_scheduled_social_media_posts for test.com
2022-12-13 16:20:58,585 INFO scheduler Scheduled Job Complete: erpnext.crm.doctype.social_media_post.social_media_post.process_scheduled_social_media_posts for test.com
2022-12-13 16:20:58,706 INFO scheduler Scheduled Job Start: erpnext.hr.doctype.interview.interview.send_interview_reminder for test.com
2022-12-13 16:20:58,987 INFO scheduler Scheduled Job Complete: erpnext.hr.doctype.interview.interview.send_interview_reminder for test.com
2022-12-13 16:20:59,103 INFO scheduler Scheduled Job Start: erpnext.healthcare.doctype.patient_appointment.patient_appointment.send_appointment_reminder for test.com
2022-12-13 16:20:59,339 INFO scheduler Scheduled Job Complete: erpnext.healthcare.doctype.patient_appointment.patient_appointment.send_appointment_reminder for test.com
2022-12-13 16:20:59,433 INFO scheduler Scheduled Job Start: erpnext.projects.doctype.project.project.project_status_update_reminder for test.com
2022-12-13 16:20:59,754 INFO scheduler Scheduled Job Complete: erpnext.projects.doctype.project.project.project_status_update_reminder for test.com
2022-12-13 16:20:59,881 INFO scheduler Scheduled Job Start: frappe.monitor.flush for test.com
2022-12-13 16:21:00,100 INFO scheduler Scheduled Job Complete: frappe.monitor.flush for test.com
2022-12-13 16:21:00,196 INFO scheduler Scheduled Job Start: frappe.utils.global_search.sync_global_search for test.com
2022-12-13 16:21:00,422 INFO scheduler Scheduled Job Complete: frappe.utils.global_search.sync_global_search for test.com
2022-12-13 16:21:00,543 INFO scheduler Scheduled Job Start: frappe.integrations.doctype.razorpay_settings.razorpay_settings.capture_payment for test.com
2022-12-13 16:21:00,803 INFO scheduler Scheduled Job Complete: frappe.integrations.doctype.razorpay_settings.razorpay_settings.capture_payment for test.com
2022-12-13 16:21:00,896 INFO scheduler Scheduled Job Start: frappe.email.doctype.email_account.email_account.notify_unreplied for test.com
2022-12-13 16:21:01,167 INFO scheduler Scheduled Job Complete: frappe.email.doctype.email_account.email_account.notify_unreplied for test.com
2022-12-13 16:21:01,260 INFO scheduler Scheduled Job Start: frappe.email.doctype.email_account.email_account.pull for test.com
2022-12-13 16:21:01,553 INFO scheduler Scheduled Job Complete: frappe.email.doctype.email_account.email_account.pull for test.com
2022-12-13 16:21:01,713 INFO scheduler Scheduled Job Start: frappe.email.queue.flush for test.com
2022-12-13 16:21:01,963 INFO scheduler Scheduled Job Complete: frappe.email.queue.flush for test.com
2022-12-13 16:21:58,535 DEBUG scheduler Queued events for site simon.org
2022-12-13 16:22:58,957 DEBUG scheduler Queued events for site simon.org
2022-12-13 16:23:59,563 DEBUG scheduler Queued events for site simon.org
2022-12-13 16:25:00,155 DEBUG scheduler Queued events for site simon.org
2022-12-13 16:25:00,503 INFO scheduler Scheduled Job Start: erpnext.crm.doctype.social_media_post.social_media_post.process_scheduled_social_media_posts for test.com
2022-12-13 16:25:00,760 INFO scheduler Scheduled Job Complete: erpnext.crm.doctype.social_media_post.social_media_post.process_scheduled_social_media_posts for test.com
2022-12-13 16:25:00,856 INFO scheduler Scheduled Job Start: erpnext.hr.doctype.interview.interview.send_interview_reminder for test.com
2022-12-13 16:25:01,101 INFO scheduler Scheduled Job Complete: erpnext.hr.doctype.interview.interview.send_interview_reminder for test.com
2022-12-13 16:25:01,218 INFO scheduler Scheduled Job Start: erpnext.healthcare.doctype.patient_appointment.patient_appointment.send_appointment_reminder for test.com
2022-12-13 16:25:01,456 INFO scheduler Scheduled Job Complete: erpnext.healthcare.doctype.patient_appointment.patient_appointment.send_appointment_reminder for test.com
2022-12-13 16:25:01,613 INFO scheduler Scheduled Job Start: erpnext.projects.doctype.project.project.project_status_update_reminder for test.com
2022-12-13 16:25:01,944 INFO scheduler Scheduled Job Complete: erpnext.projects.doctype.project.project.project_status_update_reminder for test.com
2022-12-13 16:25:02,051 INFO scheduler Scheduled Job Start: frappe.monitor.flush for test.com
2022-12-13 16:25:02,301 INFO scheduler Scheduled Job Complete: frappe.monitor.flush for test.com
2022-12-13 16:25:02,395 INFO scheduler Scheduled Job Start: frappe.utils.global_search.sync_global_search for test.com
2022-12-13 16:25:02,630 INFO scheduler Scheduled Job Complete: frappe.utils.global_search.sync_global_search for test.com
2022-12-13 16:25:02,765 INFO scheduler Scheduled Job Start: frappe.integrations.doctype.razorpay_settings.razorpay_settings.capture_payment for test.com
2022-12-13 16:25:03,016 INFO scheduler Scheduled Job Complete: frappe.integrations.doctype.razorpay_settings.razorpay_settings.capture_payment for test.com
2022-12-13 16:25:03,106 INFO scheduler Scheduled Job Start: frappe.email.doctype.email_account.email_account.notify_unreplied for test.com
2022-12-13 16:25:03,398 INFO scheduler Scheduled Job Complete: frappe.email.doctype.email_account.email_account.notify_unreplied for test.com
2022-12-13 16:25:03,563 INFO scheduler Scheduled Job Start: frappe.email.doctype.email_account.email_account.pull for test.com
2022-12-13 16:25:03,842 INFO scheduler Scheduled Job Complete: frappe.email.doctype.email_account.email_account.pull for test.com
2022-12-13 16:25:03,932 INFO scheduler Scheduled Job Start: frappe.email.queue.flush for test.com
2022-12-13 16:25:04,138 INFO scheduler Scheduled Job Complete: frappe.email.queue.flush for test.com
2022-12-13 16:26:00,724 DEBUG scheduler Queued events for site simon.org
2022-12-13 16:27:01,243 DEBUG scheduler Queued events for site simon.org
2022-12-13 16:28:01,856 DEBUG scheduler Queued events for site simon.org
2022-12-13 16:28:02,276 INFO scheduler Scheduled Job Start: erpnext.crm.doctype.social_media_post.social_media_post.process_scheduled_social_media_posts for test.com
2022-12-13 16:28:02,526 INFO scheduler Scheduled Job Complete: erpnext.crm.doctype.social_media_post.social_media_post.process_scheduled_social_media_posts for test.com
2022-12-13 16:28:02,623 INFO scheduler Scheduled Job Start: erpnext.hr.doctype.interview.interview.send_interview_reminder for test.com
2022-12-13 16:28:02,897 INFO scheduler Scheduled Job Complete: erpnext.hr.doctype.interview.interview.send_interview_reminder for test.com
2022-12-13 16:28:03,018 INFO scheduler Scheduled Job Start: erpnext.healthcare.doctype.patient_appointment.patient_appointment.send_appointment_reminder for test.com
2022-12-13 16:28:03,303 INFO scheduler Scheduled Job Complete: erpnext.healthcare.doctype.patient_appointment.patient_appointment.send_appointment_reminder for test.com
2022-12-13 16:28:03,407 INFO scheduler Scheduled Job Start: erpnext.projects.doctype.project.project.project_status_update_reminder for test.com
2022-12-13 16:28:03,750 INFO scheduler Scheduled Job Complete: erpnext.projects.doctype.project.project.project_status_update_reminder for test.com
2022-12-13 16:28:03,845 INFO scheduler Scheduled Job Start: frappe.monitor.flush for test.com
2022-12-13 16:28:04,046 INFO scheduler Scheduled Job Complete: frappe.monitor.flush for test.com
2022-12-13 16:28:04,141 INFO scheduler Scheduled Job Start: frappe.utils.global_search.sync_global_search for test.com
2022-12-13 16:28:04,359 INFO scheduler Scheduled Job Complete: frappe.utils.global_search.sync_global_search for test.com
2022-12-13 16:28:04,453 INFO scheduler Scheduled Job Start: frappe.integrations.doctype.razorpay_settings.razorpay_settings.capture_payment for test.com
2022-12-13 16:28:04,708 INFO scheduler Scheduled Job Complete: frappe.integrations.doctype.razorpay_settings.razorpay_settings.capture_payment for test.com
2022-12-13 16:28:04,813 INFO scheduler Scheduled Job Start: frappe.email.doctype.email_account.email_account.notify_unreplied for test.com
2022-12-13 16:28:05,093 INFO scheduler Scheduled Job Complete: frappe.email.doctype.email_account.email_account.notify_unreplied for test.com
2022-12-13 16:28:05,185 INFO scheduler Scheduled Job Start: frappe.email.doctype.email_account.email_account.pull for test.com
2022-12-13 16:28:05,454 INFO scheduler Scheduled Job Complete: frappe.email.doctype.email_account.email_account.pull for test.com
2022-12-13 16:28:05,545 INFO scheduler Scheduled Job Start: frappe.email.queue.flush for test.com
2022-12-13 16:28:05,768 INFO scheduler Scheduled Job Complete: frappe.email.queue.flush for test.com
2022-12-13 16:29:02,498 DEBUG scheduler Queued events for site simon.org
2022-12-13 16:30:02,989 DEBUG scheduler Queued events for site simon.org
2022-12-13 16:30:03,279 INFO scheduler Scheduled Job Start: erpnext.utilities.doctype.video.video.update_youtube_data for test.com
2022-12-13 16:30:03,704 INFO scheduler Scheduled Job Complete: erpnext.utilities.doctype.video.video.update_youtube_data for test.com
2022-12-13 16:30:03,845 INFO scheduler Scheduled Job Start: frappe.twofactor.delete_all_barcodes_for_users for test.com
2022-12-13 16:30:04,167 INFO scheduler Scheduled Job Complete: frappe.twofactor.delete_all_barcodes_for_users for test.com
2022-12-13 16:30:04,292 INFO scheduler Scheduled Job Start: frappe.website.doctype.web_page.web_page.check_publish_status for test.com
2022-12-13 16:30:04,667 INFO scheduler Scheduled Job Complete: frappe.website.doctype.web_page.web_page.check_publish_status for test.com
2022-12-13 16:30:04,767 INFO scheduler Scheduled Job Start: frappe.oauth.delete_oauth2_data for test.com
2022-12-13 16:30:05,104 INFO scheduler Scheduled Job Complete: frappe.oauth.delete_oauth2_data for test.com
2022-12-14 08:49:21,075 DEBUG scheduler Queued events for site simon.org
2022-12-14 08:49:21,265 INFO scheduler Scheduled Job Start: erpnext.stock.doctype.repost_item_valuation.repost_item_valuation.repost_entries for test.com
2022-12-14 08:49:21,379 INFO scheduler Scheduled Job Start: erpnext.hr.doctype.interview.interview.send_daily_feedback_reminder for test.com
2022-12-14 08:49:21,834 INFO scheduler Scheduled Job Complete: erpnext.hr.doctype.interview.interview.send_daily_feedback_reminder for test.com
2022-12-14 08:49:21,834 INFO scheduler Scheduled Job Complete: erpnext.stock.doctype.repost_item_valuation.repost_item_valuation.repost_entries for test.com
2022-12-14 08:49:21,982 INFO scheduler Scheduled Job Start: erpnext.crm.doctype.lead.lead.daily_open_lead for test.com
2022-12-14 08:49:21,990 INFO scheduler Scheduled Job Start: erpnext.non_profit.doctype.membership.membership.set_expired_status for test.com
2022-12-14 08:49:22,421 INFO scheduler Scheduled Job Complete: erpnext.non_profit.doctype.membership.membership.set_expired_status for test.com
2022-12-14 08:49:22,540 INFO scheduler Scheduled Job Start: erpnext.accounts.doctype.process_statement_of_accounts.process_statement_of_accounts.send_auto_email for test.com
2022-12-14 08:49:22,754 INFO scheduler Scheduled Job Complete: erpnext.crm.doctype.lead.lead.daily_open_lead for test.com
2022-12-14 08:49:23,344 INFO scheduler Scheduled Job Start: erpnext.loan_management.doctype.process_loan_interest_accrual.process_loan_interest_accrual.process_loan_interest_accrual_for_term_loans for test.com
2022-12-14 08:49:23,472 INFO scheduler Scheduled Job Complete: erpnext.accounts.doctype.process_statement_of_accounts.process_statement_of_accounts.send_auto_email for test.com
2022-12-14 08:49:23,577 INFO scheduler Scheduled Job Start: erpnext.buying.doctype.supplier_quotation.supplier_quotation.set_expired_status for test.com
2022-12-14 08:49:23,836 INFO scheduler Scheduled Job Complete: erpnext.loan_management.doctype.process_loan_interest_accrual.process_loan_interest_accrual.process_loan_interest_accrual_for_term_loans for test.com
2022-12-14 08:49:23,957 INFO scheduler Scheduled Job Start: erpnext.loan_management.doctype.process_loan_security_shortfall.process_loan_security_shortfall.create_process_loan_security_shortfall for test.com
2022-12-14 08:49:24,002 INFO scheduler Scheduled Job Complete: erpnext.buying.doctype.supplier_quotation.supplier_quotation.set_expired_status for test.com
2022-12-14 08:49:24,116 INFO scheduler Scheduled Job Start: erpnext.healthcare.doctype.patient_appointment.patient_appointment.update_appointment_status for test.com
2022-12-14 08:49:24,261 INFO scheduler Scheduled Job Complete: erpnext.loan_management.doctype.process_loan_security_shortfall.process_loan_security_shortfall.create_process_loan_security_shortfall for test.com
2022-12-14 08:49:24,371 INFO scheduler Scheduled Job Start: erpnext.hr.utils.allocate_earned_leaves for test.com
2022-12-14 08:49:24,418 INFO scheduler Scheduled Job Failed: erpnext.healthcare.doctype.patient_appointment.patient_appointment.update_appointment_status for test.com
2022-12-14 08:49:24,531 INFO scheduler Scheduled Job Start: erpnext.selling.doctype.quotation.quotation.set_expired_status for test.com
2022-12-14 08:49:24,723 INFO scheduler Scheduled Job Complete: erpnext.hr.utils.allocate_earned_leaves for test.com
2022-12-14 08:49:24,829 INFO scheduler Scheduled Job Start: erpnext.hr.utils.generate_leave_encashment for test.com
2022-12-14 08:49:24,956 INFO scheduler Scheduled Job Complete: erpnext.selling.doctype.quotation.quotation.set_expired_status for test.com
2022-12-14 08:49:25,072 INFO scheduler Scheduled Job Start: erpnext.crm.doctype.email_campaign.email_campaign.set_email_campaign_status for test.com
2022-12-14 08:49:25,131 INFO scheduler Scheduled Job Complete: erpnext.hr.utils.generate_leave_encashment for test.com
2022-12-14 08:49:25,237 INFO scheduler Scheduled Job Start: erpnext.hr.doctype.leave_ledger_entry.leave_ledger_entry.process_expired_allocation for test.com
2022-12-14 08:49:25,432 INFO scheduler Scheduled Job Complete: erpnext.crm.doctype.email_campaign.email_campaign.set_email_campaign_status for test.com
2022-12-14 08:49:25,524 INFO scheduler Scheduled Job Complete: erpnext.hr.doctype.leave_ledger_entry.leave_ledger_entry.process_expired_allocation for test.com
2022-12-14 08:49:25,549 INFO scheduler Scheduled Job Start: erpnext.crm.doctype.email_campaign.email_campaign.send_email_to_leads_or_contacts for test.com
2022-12-14 08:49:25,636 INFO scheduler Scheduled Job Start: erpnext.manufacturing.doctype.bom_update_tool.bom_update_tool.update_latest_price_in_all_boms for test.com
2022-12-14 08:49:25,867 INFO scheduler Scheduled Job Complete: erpnext.crm.doctype.email_campaign.email_campaign.send_email_to_leads_or_contacts for test.com
2022-12-14 08:49:25,976 INFO scheduler Scheduled Job Start: erpnext.support.doctype.service_level_agreement.service_level_agreement.check_agreement_status for test.com
2022-12-14 08:49:26,106 INFO scheduler Scheduled Job Complete: erpnext.manufacturing.doctype.bom_update_tool.bom_update_tool.update_latest_price_in_all_boms for test.com
2022-12-14 08:49:26,224 INFO scheduler Scheduled Job Start: erpnext.setup.doctype.email_digest.email_digest.send for test.com
2022-12-14 08:49:26,369 INFO scheduler Scheduled Job Complete: erpnext.support.doctype.service_level_agreement.service_level_agreement.check_agreement_status for test.com
2022-12-14 08:49:26,494 INFO scheduler Scheduled Job Start: erpnext.quality_management.doctype.quality_review.quality_review.review for test.com
2022-12-14 08:49:26,846 INFO scheduler Scheduled Job Complete: erpnext.quality_management.doctype.quality_review.quality_review.review for test.com
2022-12-14 08:49:26,855 INFO scheduler Scheduled Job Failed: erpnext.setup.doctype.email_digest.email_digest.send for test.com
2022-12-14 08:49:26,953 INFO scheduler Scheduled Job Start: erpnext.projects.doctype.project.project.send_project_status_email_to_users for test.com
2022-12-14 08:49:26,990 INFO scheduler Scheduled Job Start: frappe.integrations.doctype.google_drive.google_drive.daily_backup for test.com
2022-12-14 08:49:27,362 INFO scheduler Scheduled Job Complete: erpnext.projects.doctype.project.project.send_project_status_email_to_users for test.com
2022-12-14 08:49:27,471 INFO scheduler Scheduled Job Start: erpnext.projects.doctype.project.project.update_project_sales_billing for test.com
2022-12-14 08:49:27,474 INFO scheduler Scheduled Job Complete: frappe.integrations.doctype.google_drive.google_drive.daily_backup for test.com
2022-12-14 08:49:27,598 INFO scheduler Scheduled Job Start: frappe.integrations.doctype.s3_backup_settings.s3_backup_settings.take_backups_daily for test.com
2022-12-14 08:49:28,408 INFO scheduler Scheduled Job Complete: erpnext.projects.doctype.project.project.update_project_sales_billing for test.com
2022-12-14 08:49:28,434 INFO scheduler Scheduled Job Complete: frappe.integrations.doctype.s3_backup_settings.s3_backup_settings.take_backups_daily for test.com
2022-12-14 08:49:28,543 INFO scheduler Scheduled Job Start: frappe.utils.change_log.check_for_update for test.com
2022-12-14 08:49:28,552 INFO scheduler Scheduled Job Start: erpnext.crm.doctype.contract.contract.update_status_for_contracts for test.com
2022-12-14 08:49:29,010 INFO scheduler Scheduled Job Complete: erpnext.crm.doctype.contract.contract.update_status_for_contracts for test.com
2022-12-14 08:49:29,134 INFO scheduler Scheduled Job Start: erpnext.assets.doctype.asset.asset.make_post_gl_entry for test.com
2022-12-14 08:49:29,154 INFO scheduler Scheduled Job Failed: frappe.utils.change_log.check_for_update for test.com
2022-12-14 08:49:29,281 INFO scheduler Scheduled Job Start: frappe.integrations.doctype.dropbox_settings.dropbox_settings.take_backups_daily for test.com
2022-12-14 08:49:29,578 INFO scheduler Scheduled Job Complete: erpnext.assets.doctype.asset.asset.make_post_gl_entry for test.com
2022-12-14 08:49:29,697 INFO scheduler Scheduled Job Start: erpnext.assets.doctype.asset.asset.update_maintenance_status for test.com
2022-12-14 08:49:29,769 INFO scheduler Scheduled Job Complete: frappe.integrations.doctype.dropbox_settings.dropbox_settings.take_backups_daily for test.com
2022-12-14 08:49:30,345 INFO scheduler Scheduled Job Complete: erpnext.assets.doctype.asset.asset.update_maintenance_status for test.com
2022-12-14 08:49:30,587 INFO scheduler Scheduled Job Start: erpnext.setup.doctype.company.company.cache_companies_monthly_sales_history for test.com
2022-12-14 08:49:31,067 INFO scheduler Scheduled Job Complete: erpnext.setup.doctype.company.company.cache_companies_monthly_sales_history for test.com
2022-12-14 08:49:31,197 INFO scheduler Scheduled Job Start: erpnext.buying.doctype.supplier_scorecard.supplier_scorecard.refresh_scorecards for test.com
2022-12-14 08:49:31,540 INFO scheduler Scheduled Job Complete: erpnext.buying.doctype.supplier_scorecard.supplier_scorecard.refresh_scorecards for test.com
2022-12-14 08:49:31,680 INFO scheduler Scheduled Job Start: erpnext.stock.doctype.serial_no.serial_no.update_maintenance_status for test.com
2022-12-14 08:49:32,140 INFO scheduler Scheduled Job Complete: erpnext.stock.doctype.serial_no.serial_no.update_maintenance_status for test.com
2022-12-14 08:49:32,249 INFO scheduler Scheduled Job Start: erpnext.hr.doctype.daily_work_summary_group.daily_work_summary_group.send_summary for test.com
2022-12-14 08:49:32,617 INFO scheduler Scheduled Job Complete: erpnext.hr.doctype.daily_work_summary_group.daily_work_summary_group.send_summary for test.com
2022-12-14 08:49:32,729 INFO scheduler Scheduled Job Start: erpnext.assets.doctype.asset.depreciation.post_depreciation_entries for test.com
2022-12-14 08:49:33,022 INFO scheduler Scheduled Job Complete: erpnext.assets.doctype.asset.depreciation.post_depreciation_entries for test.com
2022-12-14 08:49:33,129 INFO scheduler Scheduled Job Start: erpnext.projects.doctype.task.task.set_tasks_as_overdue for test.com
2022-12-14 08:49:33,490 INFO scheduler Scheduled Job Complete: erpnext.projects.doctype.task.task.set_tasks_as_overdue for test.com
2022-12-14 08:49:33,598 INFO scheduler Scheduled Job Start: erpnext.hr.doctype.employee.employee_reminders.send_birthday_reminders for test.com
2022-12-14 08:49:33,885 INFO scheduler Scheduled Job Complete: erpnext.hr.doctype.employee.employee_reminders.send_birthday_reminders for test.com
2022-12-14 08:49:33,993 INFO scheduler Scheduled Job Start: erpnext.hr.doctype.employee.employee_reminders.send_work_anniversary_reminders for test.com
2022-12-14 08:49:34,338 INFO scheduler Scheduled Job Complete: erpnext.hr.doctype.employee.employee_reminders.send_work_anniversary_reminders for test.com
2022-12-14 08:49:34,489 INFO scheduler Scheduled Job Start: erpnext.accounts.doctype.fiscal_year.fiscal_year.auto_create_fiscal_year for test.com
2022-12-14 08:49:34,773 INFO scheduler Scheduled Job Complete: erpnext.accounts.doctype.fiscal_year.fiscal_year.auto_create_fiscal_year for test.com
2022-12-14 08:49:34,897 INFO scheduler Scheduled Job Start: erpnext.controllers.accounts_controller.update_invoice_status for test.com
2022-12-14 08:49:35,359 INFO scheduler Scheduled Job Complete: erpnext.controllers.accounts_controller.update_invoice_status for test.com
2022-12-14 08:49:35,475 INFO scheduler Scheduled Job Start: erpnext.crm.doctype.opportunity.opportunity.auto_close_opportunity for test.com
2022-12-14 08:49:35,838 INFO scheduler Scheduled Job Complete: erpnext.crm.doctype.opportunity.opportunity.auto_close_opportunity for test.com
2022-12-14 08:49:35,958 INFO scheduler Scheduled Job Start: erpnext.support.doctype.issue.issue.auto_close_tickets for test.com
2022-12-14 08:49:36,260 INFO scheduler Scheduled Job Complete: erpnext.support.doctype.issue.issue.auto_close_tickets for test.com
2022-12-14 08:49:36,410 INFO scheduler Scheduled Job Start: erpnext.stock.reorder_item.reorder_item for test.com
2022-12-14 08:49:36,976 INFO scheduler Scheduled Job Complete: erpnext.stock.reorder_item.reorder_item for test.com
2022-12-14 08:49:37,095 INFO scheduler Scheduled Job Start: erpnext.erpnext_integrations.connectors.shopify_connection.sync_old_orders for test.com
2022-12-14 08:49:37,620 INFO scheduler Scheduled Job Complete: erpnext.erpnext_integrations.connectors.shopify_connection.sync_old_orders for test.com
2022-12-14 08:49:37,747 INFO scheduler Scheduled Job Start: erpnext.support.doctype.issue.issue.set_service_level_agreement_variance for test.com
2022-12-14 08:49:38,058 INFO scheduler Scheduled Job Complete: erpnext.support.doctype.issue.issue.set_service_level_agreement_variance for test.com
2022-12-14 08:49:38,153 INFO scheduler Scheduled Job Start: erpnext.hr.doctype.shift_type.shift_type.process_auto_attendance_for_all_shifts for test.com
2022-12-14 08:49:39,037 INFO scheduler Scheduled Job Complete: erpnext.hr.doctype.shift_type.shift_type.process_auto_attendance_for_all_shifts for test.com
